<?xml version="1.0" encoding="UTF-8"?>
<!-- Generated by org.testng.reporters.JUnitXMLReporter -->
<testsuite hostname="Laxminarayan-s-MacBook-Pro.local" ignored="0" name="Default test" tests="3" failures="0" timestamp="2019-08-25T19:31:27 IST" time="11.292" errors="0">
  <testcase name="calcTest" time="1.583" classname="testNg.TestNGDataprovider"/>
  <testcase name="calcTest" time="1.266" classname="testNg.TestNGDataprovider"/>
  <testcase name="calcTest" time="1.418" classname="testNg.TestNGDataprovider"/>
</testsuite> <!-- Default test -->
