<?xml version="1.0" encoding="UTF-8"?>
<testng-results skipped="0" failed="0" ignored="0" total="2" passed="2">
  <reporter-output>
  </reporter-output>
  <suite name="Suite" duration-ms="9186" started-at="2019-08-28T20:49:27 IST" finished-at="2019-08-28T20:49:36 IST">
    <groups>
    </groups>
    <test name="FunctionalTest" duration-ms="9186" started-at="2019-08-28T20:49:27 IST" finished-at="2019-08-28T20:49:36 IST">
      <class name="testNg.TestNgParallelTestDataProvider">
        <test-method status="PASS" signature="setUpClass()[pri:0, instance:testNg.TestNgParallelTestDataProvider@3a883ce7]" name="setUpClass" is-config="true" duration-ms="9" started-at="2019-08-28T20:49:27 IST" finished-at="2019-08-28T20:49:27 IST">
          <reporter-output>
          </reporter-output>
        </test-method> <!-- setUpClass -->
        <test-method status="PASS" signature="searchTest(java.lang.String)[pri:0, instance:testNg.TestNgParallelTestDataProvider@3a883ce7]" name="searchTest" duration-ms="9115" started-at="2019-08-28T20:49:27 IST" data-provider="browsers" finished-at="2019-08-28T20:49:36 IST">
          <params>
            <param index="0">
              <value>
                <![CDATA[selenium]]>
              </value>
            </param>
          </params>
          <reporter-output>
          </reporter-output>
        </test-method> <!-- searchTest -->
        <test-method status="PASS" signature="searchTest(java.lang.String)[pri:0, instance:testNg.TestNgParallelTestDataProvider@3a883ce7]" name="searchTest" duration-ms="9139" started-at="2019-08-28T20:49:27 IST" data-provider="browsers" finished-at="2019-08-28T20:49:36 IST">
          <params>
            <param index="0">
              <value>
                <![CDATA[jena]]>
              </value>
            </param>
          </params>
          <reporter-output>
          </reporter-output>
        </test-method> <!-- searchTest -->
      </class> <!-- testNg.TestNgParallelTestDataProvider -->
    </test> <!-- FunctionalTest -->
  </suite> <!-- Suite -->
</testng-results>
