<?xml version="1.0" encoding="UTF-8"?>
<!-- Generated by org.testng.reporters.JUnitXMLReporter -->
<testsuite hostname="Laxminarayan-s-MacBook-Pro.local" name="Default test" tests="3" failures="0" timestamp="2 Nov 2019 03:21:06 GMT" time="52.367" errors="0">
  <testcase name="loginTest" time="18.319" classname="test.GMailPageTest"/>
  <testcase name="loginTest" time="14.62" classname="test.GMailPageTest"/>
  <testcase name="loginTest" time="15.828" classname="test.GMailPageTest"/>
</testsuite> <!-- Default test -->
