<?xml version="1.0" encoding="UTF-8"?>
<!-- Generated by org.testng.reporters.JUnitXMLReporter -->
<testsuite hostname="Laxminarayan-s-MacBook-Pro.local" ignored="4" name="Test2" tests="4" failures="0" timestamp="2019-08-28T20:14:26 IST" time="0.016" errors="0">
  <testcase name="myTestMethod1" time="0.001" classname="TestNgBasics.MyTestClass1"/>
  <testcase name="myTestMethod2" time="0.001" classname="TestNgBasics.MyTestClass1"/>
  <testcase name="myTestMethod3" time="0.001" classname="TestNgBasics.MyTestClass2"/>
  <testcase name="myTestMethod4" time="0.001" classname="TestNgBasics.MyTestClass2"/>
  <testcase name="@BeforeSuite beforeSuite" time="0.0" classname="TestNgBasics.SeleniumAbstractTest">
    <ignored/>
  </testcase> <!-- @BeforeSuite beforeSuite -->
  <testcase name="@AfterTest afterTest" time="0.0" classname="TestNgBasics.SeleniumAbstractTest">
    <ignored/>
  </testcase> <!-- @AfterTest afterTest -->
  <testcase name="@BeforeTest beforeTest" time="0.0" classname="TestNgBasics.SeleniumAbstractTest">
    <ignored/>
  </testcase> <!-- @BeforeTest beforeTest -->
  <testcase name="@AfterSuite afterSuite" time="0.0" classname="TestNgBasics.SeleniumAbstractTest">
    <ignored/>
  </testcase> <!-- @AfterSuite afterSuite -->
</testsuite> <!-- Test2 -->
