<?xml version="1.0" encoding="UTF-8"?>
<testng-results skipped="0" failed="0" total="1" passed="1">
  <reporter-output>
  </reporter-output>
  <suite name="Default suite" duration-ms="3526" started-at="2019-11-01T20:51:52Z" finished-at="2019-11-01T20:51:55Z">
    <groups>
    </groups>
    <test name="Default test" duration-ms="3526" started-at="2019-11-01T20:51:52Z" finished-at="2019-11-01T20:51:55Z">
      <class name="test.HomePageTest">
        <test-method status="PASS" signature="search()[pri:0, instance:test.HomePageTest@22295ec4]" name="search" duration-ms="3516" started-at="2019-11-02T02:21:52Z" finished-at="2019-11-02T02:21:55Z">
          <reporter-output>
          </reporter-output>
        </test-method> <!-- search -->
      </class> <!-- test.HomePageTest -->
    </test> <!-- Default test -->
  </suite> <!-- Default suite -->
</testng-results>
