<?xml version="1.0" encoding="UTF-8"?>
<testng-results skipped="0" failed="0" total="1" passed="1">
  <reporter-output>
  </reporter-output>
  <suite name="Default suite" duration-ms="4939" started-at="2019-11-02T12:05:59Z" finished-at="2019-11-02T12:06:04Z">
    <groups>
    </groups>
    <test name="Default test" duration-ms="4939" started-at="2019-11-02T12:05:59Z" finished-at="2019-11-02T12:06:04Z">
      <class name="test.HomePageTest">
        <test-method status="PASS" signature="search()[pri:0, instance:test.HomePageTest@5dcb4f5f]" name="search" duration-ms="4928" started-at="2019-11-02T17:35:59Z" finished-at="2019-11-02T17:36:04Z">
          <reporter-output>
          </reporter-output>
        </test-method> <!-- search -->
      </class> <!-- test.HomePageTest -->
    </test> <!-- Default test -->
  </suite> <!-- Default suite -->
</testng-results>
