<?xml version="1.0" encoding="UTF-8"?>
<testng-results skipped="0" failed="0" total="1" passed="1">
  <reporter-output>
  </reporter-output>
  <suite name="Default suite" duration-ms="6555" started-at="2019-11-03T05:07:19Z" finished-at="2019-11-03T05:07:25Z">
    <groups>
    </groups>
    <test name="Default test" duration-ms="6555" started-at="2019-11-03T05:07:19Z" finished-at="2019-11-03T05:07:25Z">
      <class name="test.HomePageTest">
        <test-method status="PASS" signature="search()[pri:0, instance:test.HomePageTest@1f010bf0]" name="search" duration-ms="5622" started-at="2019-11-03T10:37:19Z" finished-at="2019-11-03T10:37:24Z">
          <reporter-output>
          </reporter-output>
        </test-method> <!-- search -->
        <test-method status="PASS" signature="tearDown(org.testng.ITestResult)[pri:0, instance:test.HomePageTest@1f010bf0]" name="tearDown" is-config="true" duration-ms="924" started-at="2019-11-03T10:37:24Z" finished-at="2019-11-03T10:37:25Z">
          <params>
            <param index="0">
              <value>
                <![CDATA[[TestResult: search STATUS:SUCCESS METHOD:HomePageTest.search()[pri:0, instance:test.HomePageTest@1f010bf0]]
]]>
              </value>
            </param>
          </params>
          <reporter-output>
          </reporter-output>
        </test-method> <!-- tearDown -->
      </class> <!-- test.HomePageTest -->
    </test> <!-- Default test -->
  </suite> <!-- Default suite -->
</testng-results>
